  board for pacman.vcxproj -> C:\Users\בת-ציון\Desktop\oop\pacman\pacman4\board for pacman\Debug\board for pacman.exe
C:\Program Files (x86)\Microsoft Visual Studio\2017\Community\MSBuild\15.0\Bin\Microsoft.Common.CurrentVersion.targets(4223,5): error MSB3030: Could not copy the file "C:\Users\��-����\Desktop\oop\pacman\pacman4\board for pacman\Debug\sfml-graphics-d-2.dll" because it was not found.
C:\Program Files (x86)\Microsoft Visual Studio\2017\Community\MSBuild\15.0\Bin\Microsoft.Common.CurrentVersion.targets(4223,5): error MSB3030: Could not copy the file "C:\Users\��-����\Desktop\oop\pacman\pacman4\board for pacman\Debug\sfml-window-d-2.dll" because it was not found.
C:\Program Files (x86)\Microsoft Visual Studio\2017\Community\MSBuild\15.0\Bin\Microsoft.Common.CurrentVersion.targets(4223,5): error MSB3030: Could not copy the file "C:\Users\��-����\Desktop\oop\pacman\pacman4\board for pacman\Debug\sfml-system-d-2.dll" because it was not found.
C:\Program Files (x86)\Microsoft Visual Studio\2017\Community\MSBuild\15.0\Bin\Microsoft.Common.CurrentVersion.targets(4223,5): error MSB3030: Could not copy the file "C:\Users\��-����\Desktop\oop\pacman\pacman4\board for pacman\Debug\freetyped.dll" because it was not found.
C:\Program Files (x86)\Microsoft Visual Studio\2017\Community\MSBuild\15.0\Bin\Microsoft.Common.CurrentVersion.targets(4223,5): error MSB3030: Could not copy the file "C:\Users\��-����\Desktop\oop\pacman\pacman4\board for pacman\Debug\zlibd1.dll" because it was not found.
C:\Program Files (x86)\Microsoft Visual Studio\2017\Community\MSBuild\15.0\Bin\Microsoft.Common.CurrentVersion.targets(4223,5): error MSB3030: Could not copy the file "C:\Users\��-����\Desktop\oop\pacman\pacman4\board for pacman\Debug\libbz2d.dll" because it was not found.
C:\Program Files (x86)\Microsoft Visual Studio\2017\Community\MSBuild\15.0\Bin\Microsoft.Common.CurrentVersion.targets(4223,5): error MSB3030: Could not copy the file "C:\Users\��-����\Desktop\oop\pacman\pacman4\board for pacman\Debug\libpng16d.dll" because it was not found.
C:\Program Files (x86)\Microsoft Visual Studio\2017\Community\MSBuild\15.0\Bin\Microsoft.Common.CurrentVersion.targets(4223,5): error MSB3030: Could not copy the file "C:\Users\��-����\Desktop\oop\pacman\pacman4\board for pacman\Debug\jpeg62.dll" because it was not found.
